This is pdfTeX, Version 3.14159265-2.6-1.40.21 (TeX Live 2020/W32TeX) (preloaded format=pdflatex 2021.2.16)  22 OCT 2022 05:24
entering extended mode
 restricted \write18 enabled.
 %&-line parsing enabled.
**perdiz3.tex
(./perdiz3.tex
LaTeX2e <2020-10-01> patch level 4
L3 programming layer <2021-02-06> (./svjour3.cls
Document Class: svjour3 2007/05/08 v3.2 
LaTeX document class for Springer journals
Class Springer-SVJour3 Info: extra/valid Springer sub-package (-> *.clo) 
(Springer-SVJour3)           not found in option list of \documentclass
(Springer-SVJour3)           - autoactivating "global" style.
(./svglov3.clo
File: svglov3.clo 2009/12/18 v3.2 style option for standardised journals
SVJour Class option: svglov3.clo for standardised journals
)
LaTeX Font Info:    Redeclaring math symbol \Gamma on input line 147.
LaTeX Font Info:    Redeclaring math symbol \Delta on input line 148.
LaTeX Font Info:    Redeclaring math symbol \Theta on input line 149.
LaTeX Font Info:    Redeclaring math symbol \Lambda on input line 150.
LaTeX Font Info:    Redeclaring math symbol \Xi on input line 151.
LaTeX Font Info:    Redeclaring math symbol \Pi on input line 152.
LaTeX Font Info:    Redeclaring math symbol \Sigma on input line 153.
LaTeX Font Info:    Redeclaring math symbol \Upsilon on input line 154.
LaTeX Font Info:    Redeclaring math symbol \Phi on input line 155.
LaTeX Font Info:    Redeclaring math symbol \Psi on input line 156.
LaTeX Font Info:    Redeclaring math symbol \Omega on input line 157.
\logodepth=\dimen138
\headerboxheight=\dimen139
\betweenumberspace=\dimen140
\aftertext=\dimen141
\headlineindent=\dimen142
\c@inst=\count177
\c@auth=\count178
\instindent=\dimen143
\authrun=\box47
\authorrunning=\toks15
\titrun=\box48
\titlerunning=\toks16
\combirun=\box49
\c@lastpage=\count179
\rubricwidth=\dimen144
\c@section=\count180
\c@subsection=\count181
\c@subsubsection=\count182
\c@paragraph=\count183
\c@subparagraph=\count184
\spthmsep=\dimen145
\c@theorem=\count185
\c@case=\count186
\c@conjecture=\count187
\c@corollary=\count188
\c@definition=\count189
\c@example=\count190
\c@exercise=\count191
\c@lemma=\count192
\c@note=\count193
\c@problem=\count194
\c@property=\count195
\c@proposition=\count196
\c@question=\count197
\c@solution=\count198
\c@remark=\count199
\c@figure=\count266
\c@table=\count267
\abovecaptionskip=\skip47
\belowcaptionskip=\skip48
\figcapgap=\dimen146
\tabcapgap=\dimen147
\figgap=\dimen148
\bibindent=\dimen149
\@tempcntc=\count268
)
(c:/Users/selde/AppData/Roaming/TinyTeX/texmf-dist/tex/latex/amsmath/amsmath.st
y
Package: amsmath 2020/09/23 v2.17i AMS math features
\@mathmargin=\skip49
For additional information on amsmath, use the `?' option.

(c:/Users/selde/AppData/Roaming/TinyTeX/texmf-dist/tex/latex/amsmath/amstext.st
y
Package: amstext 2000/06/29 v2.01 AMS text

(c:/Users/selde/AppData/Roaming/TinyTeX/texmf-dist/tex/latex/amsmath/amsgen.sty
File: amsgen.sty 1999/11/30 v2.0 generic functions
\@emptytoks=\toks17
\ex@=\dimen150
))
(c:/Users/selde/AppData/Roaming/TinyTeX/texmf-dist/tex/latex/amsmath/amsbsy.sty
Package: amsbsy 1999/11/29 v1.2d Bold Symbols
\pmbraise@=\dimen151
)
(c:/Users/selde/AppData/Roaming/TinyTeX/texmf-dist/tex/latex/amsmath/amsopn.sty
Package: amsopn 2016/03/08 v2.02 operator names
)
\inf@bad=\count269
LaTeX Info: Redefining \frac on input line 234.
\uproot@=\count270
\leftroot@=\count271
LaTeX Info: Redefining \overline on input line 399.
\classnum@=\count272
\DOTSCASE@=\count273
LaTeX Info: Redefining \ldots on input line 496.
LaTeX Info: Redefining \dots on input line 499.
LaTeX Info: Redefining \cdots on input line 620.
\Mathstrutbox@=\box50
\strutbox@=\box51
\big@size=\dimen152
LaTeX Font Info:    Redeclaring font encoding OML on input line 743.
LaTeX Font Info:    Redeclaring font encoding OMS on input line 744.
\macc@depth=\count274
\c@MaxMatrixCols=\count275
\dotsspace@=\muskip16
\c@parentequation=\count276
\dspbrk@lvl=\count277
\tag@help=\toks18
\row@=\count278
\column@=\count279
\maxfields@=\count280
\andhelp@=\toks19
\eqnshift@=\dimen153
\alignsep@=\dimen154
\tagshift@=\dimen155
\tagwidth@=\dimen156
\totwidth@=\dimen157
\lineht@=\dimen158
\@envbody=\toks20
\multlinegap=\skip50
\multlinetaggap=\skip51
\mathdisplay@stack=\toks21
LaTeX Info: Redefining \[ on input line 2923.
LaTeX Info: Redefining \] on input line 2924.
)
(c:/Users/selde/AppData/Roaming/TinyTeX/texmf-dist/tex/latex/graphics/graphicx.
sty
Package: graphicx 2020/09/09 v1.2b Enhanced LaTeX Graphics (DPC,SPQR)

(c:/Users/selde/AppData/Roaming/TinyTeX/texmf-dist/tex/latex/graphics/keyval.st
y
Package: keyval 2014/10/28 v1.15 key=value parser (DPC)
\KV@toks@=\toks22
)
(c:/Users/selde/AppData/Roaming/TinyTeX/texmf-dist/tex/latex/graphics/graphics.
sty
Package: graphics 2020/08/30 v1.4c Standard LaTeX Graphics (DPC,SPQR)
(c:/Users/selde/AppData/Roaming/TinyTeX/texmf-dist/tex/latex/graphics/trig.sty
Package: trig 2016/01/03 v1.10 sin cos tan (DPC)
)
(c:/Users/selde/AppData/Roaming/TinyTeX/texmf-dist/tex/latex/graphics-cfg/graph
ics.cfg
File: graphics.cfg 2016/06/04 v1.11 sample graphics configuration
)
Package graphics Info: Driver file: pdftex.def on input line 105.

(c:/Users/selde/AppData/Roaming/TinyTeX/texmf-dist/tex/latex/graphics-def/pdfte
x.def
File: pdftex.def 2020/10/05 v1.2a Graphics/color driver for pdftex
))
\Gin@req@height=\dimen159
\Gin@req@width=\dimen160
) (c:/Users/selde/AppData/Roaming/TinyTeX/texmf-dist/tex/latex/base/inputenc.st
y
Package: inputenc 2020/08/01 v1.3d Input encoding file
\inpenc@prehook=\toks23
\inpenc@posthook=\toks24
) (c:/Users/selde/AppData/Roaming/TinyTeX/texmf-dist/tex/latex/url/url.sty
\Urlmuskip=\muskip17
Package: url 2013/09/16  ver 3.4  Verb mode for urls, etc.
)
(c:/Users/selde/AppData/Roaming/TinyTeX/texmf-dist/tex/latex/hyperref/hyperref.
sty
Package: hyperref 2021-02-10 v7.00j Hypertext links for LaTeX

(c:/Users/selde/AppData/Roaming/TinyTeX/texmf-dist/tex/generic/ltxcmds/ltxcmds.
sty
Package: ltxcmds 2020-05-10 v1.25 LaTeX kernel commands for general use (HO)
) (c:/Users/selde/AppData/Roaming/TinyTeX/texmf-dist/tex/generic/iftex/iftex.st
y
Package: iftex 2020/03/06 v1.0d TeX engine tests
)
(c:/Users/selde/AppData/Roaming/TinyTeX/texmf-dist/tex/generic/pdftexcmds/pdfte
xcmds.sty
Package: pdftexcmds 2020-06-27 v0.33 Utility functions of pdfTeX for LuaTeX (HO
)

(c:/Users/selde/AppData/Roaming/TinyTeX/texmf-dist/tex/generic/infwarerr/infwar
err.sty
Package: infwarerr 2019/12/03 v1.5 Providing info/warning/error messages (HO)
)
Package pdftexcmds Info: \pdf@primitive is available.
Package pdftexcmds Info: \pdf@ifprimitive is available.
Package pdftexcmds Info: \pdfdraftmode found.
)
(c:/Users/selde/AppData/Roaming/TinyTeX/texmf-dist/tex/generic/kvsetkeys/kvsetk
eys.sty
Package: kvsetkeys 2019/12/15 v1.18 Key value parser (HO)
)
(c:/Users/selde/AppData/Roaming/TinyTeX/texmf-dist/tex/generic/kvdefinekeys/kvd
efinekeys.sty
Package: kvdefinekeys 2019-12-19 v1.6 Define keys (HO)
)
(c:/Users/selde/AppData/Roaming/TinyTeX/texmf-dist/tex/generic/pdfescape/pdfesc
ape.sty
Package: pdfescape 2019/12/09 v1.15 Implements pdfTeX's escape features (HO)
)
(c:/Users/selde/AppData/Roaming/TinyTeX/texmf-dist/tex/latex/hycolor/hycolor.st
y
Package: hycolor 2020-01-27 v1.10 Color options for hyperref/bookmark (HO)
)
(c:/Users/selde/AppData/Roaming/TinyTeX/texmf-dist/tex/latex/letltxmacro/letltx
macro.sty
Package: letltxmacro 2019/12/03 v1.6 Let assignment for LaTeX macros (HO)
)
(c:/Users/selde/AppData/Roaming/TinyTeX/texmf-dist/tex/latex/auxhook/auxhook.st
y
Package: auxhook 2019-12-17 v1.6 Hooks for auxiliary files (HO)
)
(c:/Users/selde/AppData/Roaming/TinyTeX/texmf-dist/tex/latex/kvoptions/kvoption
s.sty
Package: kvoptions 2020-10-07 v3.14 Key value format for package options (HO)
)
\@linkdim=\dimen161
\Hy@linkcounter=\count281
\Hy@pagecounter=\count282

(c:/Users/selde/AppData/Roaming/TinyTeX/texmf-dist/tex/latex/hyperref/pd1enc.de
f
File: pd1enc.def 2021-02-10 v7.00j Hyperref: PDFDocEncoding definition (HO)
Now handling font encoding PD1 ...
... no UTF-8 mapping file for font encoding PD1
)
(c:/Users/selde/AppData/Roaming/TinyTeX/texmf-dist/tex/latex/hyperref/hyperref-
langpatches.def
File: hyperref-langpatches.def 2021-02-10 v7.00j Hyperref: patches for babel la
nguages
)
(c:/Users/selde/AppData/Roaming/TinyTeX/texmf-dist/tex/generic/intcalc/intcalc.
sty
Package: intcalc 2019/12/15 v1.3 Expandable calculations with integers (HO)
)
(c:/Users/selde/AppData/Roaming/TinyTeX/texmf-dist/tex/generic/etexcmds/etexcmd
s.sty
Package: etexcmds 2019/12/15 v1.7 Avoid name clashes with e-TeX commands (HO)
)
\Hy@SavedSpaceFactor=\count283

(c:/Users/selde/AppData/Roaming/TinyTeX/texmf-dist/tex/latex/hyperref/puenc.def
File: puenc.def 2021-02-10 v7.00j Hyperref: PDF Unicode definition (HO)
Now handling font encoding PU ...
... no UTF-8 mapping file for font encoding PU
)
Package hyperref Info: Hyper figures OFF on input line 4192.
Package hyperref Info: Link nesting OFF on input line 4197.
Package hyperref Info: Hyper index ON on input line 4200.
Package hyperref Info: Plain pages OFF on input line 4207.
Package hyperref Info: Backreferencing OFF on input line 4212.
Package hyperref Info: Implicit mode ON; LaTeX internals redefined.
Package hyperref Info: Bookmarks ON on input line 4445.
\c@Hy@tempcnt=\count284
LaTeX Info: Redefining \url on input line 4804.
\XeTeXLinkMargin=\dimen162

(c:/Users/selde/AppData/Roaming/TinyTeX/texmf-dist/tex/generic/bitset/bitset.st
y
Package: bitset 2019/12/09 v1.3 Handle bit-vector datatype (HO)

(c:/Users/selde/AppData/Roaming/TinyTeX/texmf-dist/tex/generic/bigintcalc/bigin
tcalc.sty
Package: bigintcalc 2019/12/15 v1.5 Expandable calculations on big integers (HO
)
))
\Fld@menulength=\count285
\Field@Width=\dimen163
\Fld@charsize=\dimen164
Package hyperref Info: Hyper figures OFF on input line 6075.
Package hyperref Info: Link nesting OFF on input line 6080.
Package hyperref Info: Hyper index ON on input line 6083.
Package hyperref Info: backreferencing OFF on input line 6090.
Package hyperref Info: Link coloring OFF on input line 6095.
Package hyperref Info: Link coloring with OCG OFF on input line 6100.
Package hyperref Info: PDF/A mode OFF on input line 6105.
LaTeX Info: Redefining \ref on input line 6145.
LaTeX Info: Redefining \pageref on input line 6149.

(c:/Users/selde/AppData/Roaming/TinyTeX/texmf-dist/tex/latex/base/atbegshi-ltx.
sty
Package: atbegshi-ltx 2020/08/17 v1.0a Emulation of the original atbegshi packa
ge
with kernel methods
)
\Hy@abspage=\count286
\c@Item=\count287
\c@Hfootnote=\count288
)
Package hyperref Info: Driver (autodetected): hpdftex.

(c:/Users/selde/AppData/Roaming/TinyTeX/texmf-dist/tex/latex/hyperref/hpdftex.d
ef
File: hpdftex.def 2021-02-10 v7.00j Hyperref driver for pdfTeX

(c:/Users/selde/AppData/Roaming/TinyTeX/texmf-dist/tex/latex/base/atveryend-ltx
.sty
Package: atveryend-ltx 2020/08/19 v1.0a Emulation of the original atvery packag
e
with kernel methods
)
\Fld@listcount=\count289
\c@bookmark@seq@number=\count290

(c:/Users/selde/AppData/Roaming/TinyTeX/texmf-dist/tex/latex/rerunfilecheck/rer
unfilecheck.sty
Package: rerunfilecheck 2019/12/05 v1.9 Rerun checks for auxiliary files (HO)

(c:/Users/selde/AppData/Roaming/TinyTeX/texmf-dist/tex/generic/uniquecounter/un
iquecounter.sty
Package: uniquecounter 2019/12/15 v1.4 Provide unlimited unique counter (HO)
)
Package uniquecounter Info: New unique counter `rerunfilecheck' on input line 2
86.
)
\Hy@SectionHShift=\skip52
)
(c:/Users/selde/AppData/Roaming/TinyTeX/texmf-dist/tex/latex/l3backend/l3backen
d-pdftex.def
File: l3backend-pdftex.def 2021-02-06 L3 backend support: PDF output (pdfTeX)
\l__color_backend_stack_int=\count291
\l__pdf_internal_box=\box52
) (./perdiz3.aux)
\openout1 = `perdiz3.aux'.

LaTeX Font Info:    Checking defaults for OML/cmm/m/it on input line 38.
LaTeX Font Info:    ... okay on input line 38.
LaTeX Font Info:    Checking defaults for OMS/cmsy/m/n on input line 38.
LaTeX Font Info:    ... okay on input line 38.
LaTeX Font Info:    Checking defaults for OT1/cmr/m/n on input line 38.
LaTeX Font Info:    ... okay on input line 38.
LaTeX Font Info:    Checking defaults for T1/cmr/m/n on input line 38.
LaTeX Font Info:    ... okay on input line 38.
LaTeX Font Info:    Checking defaults for TS1/cmr/m/n on input line 38.
LaTeX Font Info:    ... okay on input line 38.
LaTeX Font Info:    Checking defaults for OMX/cmex/m/n on input line 38.
LaTeX Font Info:    ... okay on input line 38.
LaTeX Font Info:    Checking defaults for U/cmr/m/n on input line 38.
LaTeX Font Info:    ... okay on input line 38.
LaTeX Font Info:    Checking defaults for PD1/pdf/m/n on input line 38.
LaTeX Font Info:    ... okay on input line 38.
LaTeX Font Info:    Checking defaults for PU/pdf/m/n on input line 38.
LaTeX Font Info:    ... okay on input line 38.
Unknown journal: specify \journalname{<name of your journal>} in preambel


(c:/Users/selde/AppData/Roaming/TinyTeX/texmf-dist/tex/latex/epstopdf-pkg/epsto
pdf-base.sty
Package: epstopdf-base 2020-01-24 v2.11 Base part for package epstopdf
Package epstopdf-base Info: Redefining graphics rule for `.eps' on input line 4
85.

(c:/Users/selde/AppData/Roaming/TinyTeX/texmf-dist/tex/latex/latexconfig/epstop
df-sys.cfg
File: epstopdf-sys.cfg 2010/07/13 v1.3 Configuration of (r)epstopdf for TeX Liv
e
))
Package hyperref Info: Link coloring OFF on input line 38.

(c:/Users/selde/AppData/Roaming/TinyTeX/texmf-dist/tex/latex/hyperref/nameref.s
ty
Package: nameref 2021-04-02 v2.47 Cross-referencing by name of section

(c:/Users/selde/AppData/Roaming/TinyTeX/texmf-dist/tex/latex/refcount/refcount.
sty
Package: refcount 2019/12/15 v3.6 Data extraction from label references (HO)
)
(c:/Users/selde/AppData/Roaming/TinyTeX/texmf-dist/tex/generic/gettitlestring/g
ettitlestring.sty
Package: gettitlestring 2019/12/15 v1.6 Cleanup title references (HO)
)
\c@section@level=\count292
)
LaTeX Info: Redefining \ref on input line 38.
LaTeX Info: Redefining \pageref on input line 38.
LaTeX Info: Redefining \nameref on input line 38.
(./perdiz3.out) (./perdiz3.out)
\@outlinefile=\write3
\openout3 = `perdiz3.out'.

SVJour3 warning: Missing \journalname

LaTeX Font Warning: Font shape `OT1/cmr/bx/n' in size <13> not available
(Font)              size <12> substituted on input line 79.


Underfull \hbox (badness 10000) in paragraph at lines 81--118

 []

[1{c:/Users/selde/AppData/Roaming/TinyTeX/texmf-var/fonts/map/pdftex/updmap/pdf
tex.map}] [2]
Overfull \hbox (5.47282pt too wide) in paragraph at lines 199--206
[]\OT1/cmr/m/n/10 [t]riangular blade with edges usu-ally quite straight but som
e-times slightly
 []

<ms-figs/figure1.png, id=125, 794.97pt x 614.295pt>
File: ms-figs/figure1.png Graphic file (type png)
<use ms-figs/figure1.png>
Package pdftex.def Info: ms-figs/figure1.png  used on input line 223.
(pdftex.def)             Requested size: 338.0pt x 261.18909pt.
[3] [4 <./ms-figs/figure1.png (PNG copy)>] [5]

pdfTeX warning: pdflatex.exe (file ./ms-figs/figure2.pdf): PDF inclusion: found
 PDF version <1.6>, but at most version <1.5> allowed
<ms-figs/figure2.pdf, id=218, 803.93753pt x 1267.34477pt>
File: ms-figs/figure2.pdf Graphic file (type pdf)
<use ms-figs/figure2.pdf>
Package pdftex.def Info: ms-figs/figure2.pdf  used on input line 324.
(pdftex.def)             Requested size: 321.09897pt x 506.19409pt.

LaTeX Warning: Float too large for page by 8.21082pt on input line 325.

<ms-figs/figure3.jpg, id=266, 1012.0209pt x 617.4267pt>
File: ms-figs/figure3.jpg Graphic file (type jpg)
<use ms-figs/figure3.jpg>
Package pdftex.def Info: ms-figs/figure3.jpg  used on input line 373.
(pdftex.def)             Requested size: 338.0pt x 206.21036pt.
[6] [7 <./ms-figs/figure2.pdf>]
<ms-figs/figure4.jpg, id=404, 5281.7325pt x 5520.625pt>
File: ms-figs/figure4.jpg Graphic file (type jpg)
<use ms-figs/figure4.jpg>
Package pdftex.def Info: ms-figs/figure4.jpg  used on input line 396.
(pdftex.def)             Requested size: 338.0pt x 353.20929pt.
LaTeX Font Info:    Trying to load font information for OML+cmr on input line 4
15.
(c:/Users/selde/AppData/Roaming/TinyTeX/texmf-dist/tex/latex/base/omlcmr.fd
File: omlcmr.fd 2019/12/16 v2.5j Standard LaTeX font definitions
)
LaTeX Font Info:    Font shape `OML/cmr/m/n' in size <10> not available
(Font)              Font shape `OML/cmm/m/it' tried instead on input line 415.
[8 <./ms-figs/figure3.jpg>]
Underfull \vbox (badness 10000) has occurred while \output is active []

[9 <./ms-figs/figure4.jpg>]
<ms-figs/figure6.png, id=453, 976.6086pt x 956.1321pt>
File: ms-figs/figure6.png Graphic file (type png)
<use ms-figs/figure6.png>
Package pdftex.def Info: ms-figs/figure6.png  used on input line 447.
(pdftex.def)             Requested size: 338.0pt x 330.91637pt.
[10]
Underfull \vbox (badness 1303) has occurred while \output is active []

[11 <./ms-figs/figure6.png (PNG copy)>] [12] (./perdiz3.bbl
Underfull \hbox (badness 4467) in paragraph at lines 40--47
[]\OT1/cmr/m/n/8 Adams, D.C., Otarola-Castillo, E.: ge-o-morph: An R Pack-age f
or the Col-
 []


Underfull \hbox (badness 2591) in paragraph at lines 40--47
\OT1/cmr/m/n/8 lec-tion and Anal-y-sis of Ge-o-met-ric Mor-pho-me-t-ric Shape D
ata.  Meth-ods in
 []


Underfull \hbox (badness 2426) in paragraph at lines 40--47
\OT1/cmr/m/n/8 Ecol-ogy and Evo-lu-tion \OT1/cmr/bx/n/8 4\OT1/cmr/m/n/8 (4), 39
3--399 (2013).  DOI $10 . 1111 / 2041 -[] 210x . 12035$.
 []


Underfull \hbox (badness 10000) in paragraph at lines 40--47
\OT1/cmr/m/n/8 URL []$\OT1/cmtt/m/n/8 https : / / besjournals . onlinelibrary .
 wiley . com / doi / full / 10 . 1111 / 2041 -[]
 []


Underfull \hbox (badness 10000) in paragraph at lines 40--47
\OT1/cmtt/m/n/8 210X . 12035https : / / besjournals . onlinelibrary . wiley . c
om / doi / pdfdirect / 10 .
 []


Underfull \hbox (badness 4505) in paragraph at lines 49--56
[]\OT1/cmr/m/n/8 Adams, D.C., Peres-Neto, P.: Eval-u-at-ing mod-u-lar-ity in mo
r-pho-me-t-ric data:
 []


Underfull \hbox (badness 3108) in paragraph at lines 49--56
\OT1/cmr/m/n/8 chal-lenges with the RV co-ef-fi-cient and a new test mea-sure. 
 Meth-ods in
 []


Underfull \hbox (badness 2426) in paragraph at lines 49--56
\OT1/cmr/m/n/8 Ecol-ogy and Evo-lu-tion \OT1/cmr/bx/n/8 7\OT1/cmr/m/n/8 (5), 56
5--572 (2016).  DOI $10 . 1111 / 2041 -[] 210x . 12511$.
 []


Underfull \hbox (badness 10000) in paragraph at lines 49--56
\OT1/cmr/m/n/8 URL []$\OT1/cmtt/m/n/8 https : / / besjournals . onlinelibrary .
 wiley . com / doi / full / 10 . 1111 / 2041 -[]
 []


Underfull \hbox (badness 10000) in paragraph at lines 49--56
\OT1/cmtt/m/n/8 210X . 12511https : / / besjournals . onlinelibrary . wiley . c
om / doi / pdfdirect / 10 .
 []

[13]
Underfull \hbox (badness 3260) in paragraph at lines 110--117
[]\OT1/cmr/m/n/8 Blondel, V.D., Guil-laume, J.L., Lam-biotte, R., Lefeb-vre, E.
: Fast Un-fold-ing
 []


Underfull \hbox (badness 2376) in paragraph at lines 110--117
\OT1/cmr/m/n/8 of Com-mu-ni-ties in Large Net-works.  Jour-nal of Sta-tis-ti-ca
l Me-chan-ics: The-
 []


Underfull \hbox (badness 1460) in paragraph at lines 110--117
\OT1/cmr/m/n/8 ory and Ex-per-i-ment \OT1/cmr/bx/n/8 2008\OT1/cmr/m/n/8 (10), P
10008 (2008).  DOI $10 . 1088 / 1742 -[] 5468 / 2008 /
 []


Underfull \hbox (badness 1308) in paragraph at lines 119--126
\OT1/cmr/m/n/8 2484(02 ) 00201 -[] 4$.  URL []$\OT1/cmtt/m/n/8 https : / / www 
. ncbi . nlm . nih . gov / pubmed / 12662941https : / /
 []


Underfull \hbox (badness 10000) in paragraph at lines 145--152
\OT1/cmtt/m/n/8 / / besjournals . onlinelibrary . wiley . com / doi / pdf / 10 
. 1111 / 2041 -[] 210X . 13029https :
 []


Underfull \hbox (badness 3838) in paragraph at lines 154--160
[]\OT1/cmr/m/n/8 Collyer, M.L., Sekora, D.J., Adams, D.C.: A method for anal-y-
sis of phe-
 []


Underfull \hbox (badness 2932) in paragraph at lines 154--160
\OT1/cmr/m/n/8 no-typic change for phe-no-types de-scribed by high-dimensional 
data.  Hered-
 []


Underfull \hbox (badness 10000) in paragraph at lines 154--160
\OT1/cmr/m/n/8 ity (Ed-inb) \OT1/cmr/bx/n/8 115\OT1/cmr/m/n/8 (4), 357--65 (201
5).  DOI $10 . 1038 / hdy . 2014 . 75$.  URL
 []


Underfull \hbox (badness 10000) in paragraph at lines 154--160
[]$\OT1/cmtt/m/n/8 http : / / www . ncbi . nlm . nih . gov / pubmed / 25204302h
ttps : / / www . ncbi . nlm . nih . gov /
 []

[14]
Underfull \hbox (badness 2635) in paragraph at lines 249--257
[]\OT1/cmr/m/n/8 Kendall, D.G.: Shape man-i-folds, pro-crustean met-rics, and c
om-plex pro-jec-tive
 []


Underfull \hbox (badness 10000) in paragraph at lines 249--257
\OT1/cmtt/m/n/8 2 . 81 / abstracthttps : / / londmathsoc . onlinelibrary . wile
y . com / doi / abs / 10 . 1112 /
 []


Underfull \hbox (badness 10000) in paragraph at lines 283--290
\OT1/cmr/m/n/8 URL []$\OT1/cmtt/m/n/8 https : / / www . cambridge . org / core 
/ journals / american -[] antiquity / article /
 []


Underfull \hbox (badness 10000) in paragraph at lines 283--290
\OT1/cmtt/m/n/8 multiscalar -[] perspectives -[] on -[] social -[] networks -[]
 in -[] the -[] late -[] prehispanic -[]
 []

[15] [16]
Underfull \hbox (badness 2134) in paragraph at lines 437--441
\OT1/cmr/m/n/8 Ar-chae-ol-ogy \OT1/cmr/bx/n/8 1\OT1/cmr/m/n/8 , 66--74 (1974). 
 URL []$\OT1/cmtt/m/n/8 https : / / docs . wixstatic . com / ugd / fefb33 _
 []

) [17] (./perdiz3.aux)

LaTeX Font Warning: Size substitutions with differences
(Font)              up to 1.0pt have occurred.

Package rerunfilecheck Info: File `perdiz3.out' has not changed.
(rerunfilecheck)             Checksum: EBF8B09E248A146479DA7008EEC76DCC;674.
 ) 
Here is how much of TeX's memory you used:
 8671 strings out of 481288
 127470 string characters out of 5915637
 433657 words of memory out of 5000000
 25344 multiletter control sequences out of 15000+600000
 410869 words of font info for 53 fonts, out of 8000000 for 9000
 14 hyphenation exceptions out of 8191
 71i,8n,74p,628b,475s stack positions out of 5000i,500n,10000p,200000b,80000s
<c:/Users/selde/AppData/Roaming/TinyTeX/texmf-dist/fonts/type1/public/amsfont
s/cm/cmbsy10.pfb><c:/Users/selde/AppData/Roaming/TinyTeX/texmf-dist/fonts/type1
/public/amsfonts/cm/cmbx10.pfb><c:/Users/selde/AppData/Roaming/TinyTeX/texmf-di
st/fonts/type1/public/amsfonts/cm/cmbx12.pfb><c:/Users/selde/AppData/Roaming/Ti
nyTeX/texmf-dist/fonts/type1/public/amsfonts/cm/cmbx8.pfb><c:/Users/selde/AppDa
ta/Roaming/TinyTeX/texmf-dist/fonts/type1/public/amsfonts/cm/cmbxti10.pfb><c:/U
sers/selde/AppData/Roaming/TinyTeX/texmf-dist/fonts/type1/public/amsfonts/cm/cm
mi10.pfb><c:/Users/selde/AppData/Roaming/TinyTeX/texmf-dist/fonts/type1/public/
amsfonts/cm/cmr10.pfb><c:/Users/selde/AppData/Roaming/TinyTeX/texmf-dist/fonts/
type1/public/amsfonts/cm/cmr8.pfb><c:/Users/selde/AppData/Roaming/TinyTeX/texmf
-dist/fonts/type1/public/amsfonts/cm/cmsy10.pfb><c:/Users/selde/AppData/Roaming
/TinyTeX/texmf-dist/fonts/type1/public/amsfonts/cm/cmti10.pfb><c:/Users/selde/A
ppData/Roaming/TinyTeX/texmf-dist/fonts/type1/public/amsfonts/cm/cmtt10.pfb><c:
/Users/selde/AppData/Roaming/TinyTeX/texmf-dist/fonts/type1/public/amsfonts/cm/
cmtt8.pfb>
Output written on perdiz3.pdf (17 pages, 21362336 bytes).
PDF statistics:
 641 PDF objects out of 1000 (max. 8388607)
 462 compressed objects within 5 object streams
 119 named destinations out of 1000 (max. 500000)
 74 words of extra memory for PDF output out of 10000 (max. 10000000)

