This is pdfTeX, Version 3.141592653-2.6-1.40.24 (TeX Live 2022) (preloaded format=pdflatex 2022.11.7)  28 NOV 2022 08:03
entering extended mode
 restricted \write18 enabled.
 %&-line parsing enabled.
**perdiz3.tex
(./perdiz3.tex
LaTeX2e <2022-11-01>
L3 programming layer <2022-11-02> (./svjour3.cls
Document Class: svjour3 2007/05/08 v3.2 
LaTeX document class for Springer journals
Class Springer-SVJour3 Info: extra/valid Springer sub-package (-> *.clo) 
(Springer-SVJour3)           not found in option list of \documentclass
(Springer-SVJour3)           - autoactivating "global" style.
(./svglov3.clo
File: svglov3.clo 2009/12/18 v3.2 style option for standardised journals
SVJour Class option: svglov3.clo for standardised journals
)
LaTeX Font Info:    Redeclaring math symbol \Gamma on input line 147.
LaTeX Font Info:    Redeclaring math symbol \Delta on input line 148.
LaTeX Font Info:    Redeclaring math symbol \Theta on input line 149.
LaTeX Font Info:    Redeclaring math symbol \Lambda on input line 150.
LaTeX Font Info:    Redeclaring math symbol \Xi on input line 151.
LaTeX Font Info:    Redeclaring math symbol \Pi on input line 152.
LaTeX Font Info:    Redeclaring math symbol \Sigma on input line 153.
LaTeX Font Info:    Redeclaring math symbol \Upsilon on input line 154.
LaTeX Font Info:    Redeclaring math symbol \Phi on input line 155.
LaTeX Font Info:    Redeclaring math symbol \Psi on input line 156.
LaTeX Font Info:    Redeclaring math symbol \Omega on input line 157.
\logodepth=\dimen140
\headerboxheight=\dimen141
\betweenumberspace=\dimen142
\aftertext=\dimen143
\headlineindent=\dimen144
\c@inst=\count185
\c@auth=\count186
\instindent=\dimen145
\authrun=\box51
\authorrunning=\toks16
\titrun=\box52
\titlerunning=\toks17
\combirun=\box53
\c@lastpage=\count187
\rubricwidth=\dimen146
\c@section=\count188
\c@subsection=\count189
\c@subsubsection=\count190
\c@paragraph=\count191
\c@subparagraph=\count192
\spthmsep=\dimen147
\c@theorem=\count193
\c@case=\count194
\c@conjecture=\count195
\c@corollary=\count196
\c@definition=\count197
\c@example=\count198
\c@exercise=\count199
\c@lemma=\count266
\c@note=\count267
\c@problem=\count268
\c@property=\count269
\c@proposition=\count270
\c@question=\count271
\c@solution=\count272
\c@remark=\count273
\c@figure=\count274
\c@table=\count275
\abovecaptionskip=\skip47
\belowcaptionskip=\skip48
\figcapgap=\dimen148
\tabcapgap=\dimen149
\figgap=\dimen150
\bibindent=\dimen151
\@tempcntc=\count276
) (c:/Users/seldenjrz/AppData/Roaming/TinyTeX/texmf-dist/tex/latex/amsmath/amsmath.sty
Package: amsmath 2022/04/08 v2.17n AMS math features
\@mathmargin=\skip49
For additional information on amsmath, use the `?' option.
(c:/Users/seldenjrz/AppData/Roaming/TinyTeX/texmf-dist/tex/latex/amsmath/amstext.sty
Package: amstext 2021/08/26 v2.01 AMS text
(c:/Users/seldenjrz/AppData/Roaming/TinyTeX/texmf-dist/tex/latex/amsmath/amsgen.sty
File: amsgen.sty 1999/11/30 v2.0 generic functions
\@emptytoks=\toks18
\ex@=\dimen152
)) (c:/Users/seldenjrz/AppData/Roaming/TinyTeX/texmf-dist/tex/latex/amsmath/amsbsy.sty
Package: amsbsy 1999/11/29 v1.2d Bold Symbols
\pmbraise@=\dimen153
) (c:/Users/seldenjrz/AppData/Roaming/TinyTeX/texmf-dist/tex/latex/amsmath/amsopn.sty
Package: amsopn 2022/04/08 v2.04 operator names
)
\inf@bad=\count277
LaTeX Info: Redefining \frac on input line 234.
\uproot@=\count278
\leftroot@=\count279
LaTeX Info: Redefining \overline on input line 399.
LaTeX Info: Redefining \colon on input line 410.
\classnum@=\count280
\DOTSCASE@=\count281
LaTeX Info: Redefining \ldots on input line 496.
LaTeX Info: Redefining \dots on input line 499.
LaTeX Info: Redefining \cdots on input line 620.
\Mathstrutbox@=\box54
\strutbox@=\box55
LaTeX Info: Redefining \big on input line 722.
LaTeX Info: Redefining \Big on input line 723.
LaTeX Info: Redefining \bigg on input line 724.
LaTeX Info: Redefining \Bigg on input line 725.
\big@size=\dimen154
LaTeX Font Info:    Redeclaring font encoding OML on input line 743.
LaTeX Font Info:    Redeclaring font encoding OMS on input line 744.
\macc@depth=\count282
LaTeX Info: Redefining \bmod on input line 905.
LaTeX Info: Redefining \pmod on input line 910.
LaTeX Info: Redefining \smash on input line 940.
LaTeX Info: Redefining \relbar on input line 970.
LaTeX Info: Redefining \Relbar on input line 971.
\c@MaxMatrixCols=\count283
\dotsspace@=\muskip16
\c@parentequation=\count284
\dspbrk@lvl=\count285
\tag@help=\toks19
\row@=\count286
\column@=\count287
\maxfields@=\count288
\andhelp@=\toks20
\eqnshift@=\dimen155
\alignsep@=\dimen156
\tagshift@=\dimen157
\tagwidth@=\dimen158
\totwidth@=\dimen159
\lineht@=\dimen160
\@envbody=\toks21
\multlinegap=\skip50
\multlinetaggap=\skip51
\mathdisplay@stack=\toks22
LaTeX Info: Redefining \[ on input line 2953.
LaTeX Info: Redefining \] on input line 2954.
) (c:/Users/seldenjrz/AppData/Roaming/TinyTeX/texmf-dist/tex/latex/graphics/graphicx.sty
Package: graphicx 2021/09/16 v1.2d Enhanced LaTeX Graphics (DPC,SPQR)
(c:/Users/seldenjrz/AppData/Roaming/TinyTeX/texmf-dist/tex/latex/graphics/keyval.sty
Package: keyval 2022/05/29 v1.15 key=value parser (DPC)
\KV@toks@=\toks23
) (c:/Users/seldenjrz/AppData/Roaming/TinyTeX/texmf-dist/tex/latex/graphics/graphics.sty
Package: graphics 2022/03/10 v1.4e Standard LaTeX Graphics (DPC,SPQR)
(c:/Users/seldenjrz/AppData/Roaming/TinyTeX/texmf-dist/tex/latex/graphics/trig.sty
Package: trig 2021/08/11 v1.11 sin cos tan (DPC)
) (c:/Users/seldenjrz/AppData/Roaming/TinyTeX/texmf-dist/tex/latex/graphics-cfg/graphics.cfg
File: graphics.cfg 2016/06/04 v1.11 sample graphics configuration
)
Package graphics Info: Driver file: pdftex.def on input line 107.
(c:/Users/seldenjrz/AppData/Roaming/TinyTeX/texmf-dist/tex/latex/graphics-def/pdftex.def
File: pdftex.def 2022/09/22 v1.2b Graphics/color driver for pdftex
))
\Gin@req@height=\dimen161
\Gin@req@width=\dimen162
) (c:/Users/seldenjrz/AppData/Roaming/TinyTeX/texmf-dist/tex/latex/base/inputenc.sty
Package: inputenc 2021/02/14 v1.3d Input encoding file
\inpenc@prehook=\toks24
\inpenc@posthook=\toks25
) (c:/Users/seldenjrz/AppData/Roaming/TinyTeX/texmf-dist/tex/latex/url/url.sty
\Urlmuskip=\muskip17
Package: url 2013/09/16  ver 3.4  Verb mode for urls, etc.
) (c:/Users/seldenjrz/AppData/Roaming/TinyTeX/texmf-dist/tex/latex/hyperref/hyperref.sty
Package: hyperref 2022-11-13 v7.00u Hypertext links for LaTeX
(c:/Users/seldenjrz/AppData/Roaming/TinyTeX/texmf-dist/tex/generic/ltxcmds/ltxcmds.sty
Package: ltxcmds 2020-05-10 v1.25 LaTeX kernel commands for general use (HO)
) (c:/Users/seldenjrz/AppData/Roaming/TinyTeX/texmf-dist/tex/generic/iftex/iftex.sty
Package: iftex 2022/02/03 v1.0f TeX engine tests
) (c:/Users/seldenjrz/AppData/Roaming/TinyTeX/texmf-dist/tex/generic/pdftexcmds/pdftexcmds.sty
Package: pdftexcmds 2020-06-27 v0.33 Utility functions of pdfTeX for LuaTeX (HO)
(c:/Users/seldenjrz/AppData/Roaming/TinyTeX/texmf-dist/tex/generic/infwarerr/infwarerr.sty
Package: infwarerr 2019/12/03 v1.5 Providing info/warning/error messages (HO)
)
Package pdftexcmds Info: \pdf@primitive is available.
Package pdftexcmds Info: \pdf@ifprimitive is available.
Package pdftexcmds Info: \pdfdraftmode found.
) (c:/Users/seldenjrz/AppData/Roaming/TinyTeX/texmf-dist/tex/latex/kvsetkeys/kvsetkeys.sty
Package: kvsetkeys 2022-10-05 v1.19 Key value parser (HO)
) (c:/Users/seldenjrz/AppData/Roaming/TinyTeX/texmf-dist/tex/generic/kvdefinekeys/kvdefinekeys.sty
Package: kvdefinekeys 2019-12-19 v1.6 Define keys (HO)
) (c:/Users/seldenjrz/AppData/Roaming/TinyTeX/texmf-dist/tex/generic/pdfescape/pdfescape.sty
Package: pdfescape 2019/12/09 v1.15 Implements pdfTeX's escape features (HO)
) (c:/Users/seldenjrz/AppData/Roaming/TinyTeX/texmf-dist/tex/latex/hycolor/hycolor.sty
Package: hycolor 2020-01-27 v1.10 Color options for hyperref/bookmark (HO)
) (c:/Users/seldenjrz/AppData/Roaming/TinyTeX/texmf-dist/tex/latex/letltxmacro/letltxmacro.sty
Package: letltxmacro 2019/12/03 v1.6 Let assignment for LaTeX macros (HO)
) (c:/Users/seldenjrz/AppData/Roaming/TinyTeX/texmf-dist/tex/latex/auxhook/auxhook.sty
Package: auxhook 2019-12-17 v1.6 Hooks for auxiliary files (HO)
) (c:/Users/seldenjrz/AppData/Roaming/TinyTeX/texmf-dist/tex/latex/hyperref/nameref.sty
Package: nameref 2022-05-17 v2.50 Cross-referencing by name of section
(c:/Users/seldenjrz/AppData/Roaming/TinyTeX/texmf-dist/tex/latex/refcount/refcount.sty
Package: refcount 2019/12/15 v3.6 Data extraction from label references (HO)
) (c:/Users/seldenjrz/AppData/Roaming/TinyTeX/texmf-dist/tex/generic/gettitlestring/gettitlestring.sty
Package: gettitlestring 2019/12/15 v1.6 Cleanup title references (HO)
(c:/Users/seldenjrz/AppData/Roaming/TinyTeX/texmf-dist/tex/latex/kvoptions/kvoptions.sty
Package: kvoptions 2022-06-15 v3.15 Key value format for package options (HO)
))
\c@section@level=\count289
)
\@linkdim=\dimen163
\Hy@linkcounter=\count290
\Hy@pagecounter=\count291
(c:/Users/seldenjrz/AppData/Roaming/TinyTeX/texmf-dist/tex/latex/hyperref/pd1enc.def
File: pd1enc.def 2022-11-13 v7.00u Hyperref: PDFDocEncoding definition (HO)
Now handling font encoding PD1 ...
... no UTF-8 mapping file for font encoding PD1
) (c:/Users/seldenjrz/AppData/Roaming/TinyTeX/texmf-dist/tex/generic/intcalc/intcalc.sty
Package: intcalc 2019/12/15 v1.3 Expandable calculations with integers (HO)
) (c:/Users/seldenjrz/AppData/Roaming/TinyTeX/texmf-dist/tex/generic/etexcmds/etexcmds.sty
Package: etexcmds 2019/12/15 v1.7 Avoid name clashes with e-TeX commands (HO)
)
\Hy@SavedSpaceFactor=\count292
(c:/Users/seldenjrz/AppData/Roaming/TinyTeX/texmf-dist/tex/latex/hyperref/puenc.def
File: puenc.def 2022-11-13 v7.00u Hyperref: PDF Unicode definition (HO)
Now handling font encoding PU ...
... no UTF-8 mapping file for font encoding PU
)
Package hyperref Info: Hyper figures OFF on input line 4162.
Package hyperref Info: Link nesting OFF on input line 4167.
Package hyperref Info: Hyper index ON on input line 4170.
Package hyperref Info: Plain pages OFF on input line 4177.
Package hyperref Info: Backreferencing OFF on input line 4182.
Package hyperref Info: Implicit mode ON; LaTeX internals redefined.
Package hyperref Info: Bookmarks ON on input line 4410.
\c@Hy@tempcnt=\count293
LaTeX Info: Redefining \url on input line 4748.
\XeTeXLinkMargin=\dimen164
(c:/Users/seldenjrz/AppData/Roaming/TinyTeX/texmf-dist/tex/generic/bitset/bitset.sty
Package: bitset 2019/12/09 v1.3 Handle bit-vector datatype (HO)
(c:/Users/seldenjrz/AppData/Roaming/TinyTeX/texmf-dist/tex/generic/bigintcalc/bigintcalc.sty
Package: bigintcalc 2019/12/15 v1.5 Expandable calculations on big integers (HO)
))
\Fld@menulength=\count294
\Field@Width=\dimen165
\Fld@charsize=\dimen166
Package hyperref Info: Hyper figures OFF on input line 6027.
Package hyperref Info: Link nesting OFF on input line 6032.
Package hyperref Info: Hyper index ON on input line 6035.
Package hyperref Info: backreferencing OFF on input line 6042.
Package hyperref Info: Link coloring OFF on input line 6047.
Package hyperref Info: Link coloring with OCG OFF on input line 6052.
Package hyperref Info: PDF/A mode OFF on input line 6057.
(c:/Users/seldenjrz/AppData/Roaming/TinyTeX/texmf-dist/tex/latex/base/atbegshi-ltx.sty
Package: atbegshi-ltx 2021/01/10 v1.0c Emulation of the original atbegshi
package with kernel methods
)
\Hy@abspage=\count295
\c@Item=\count296
\c@Hfootnote=\count297
)
Package hyperref Info: Driver (autodetected): hpdftex.
(c:/Users/seldenjrz/AppData/Roaming/TinyTeX/texmf-dist/tex/latex/hyperref/hpdftex.def
File: hpdftex.def 2022-11-13 v7.00u Hyperref driver for pdfTeX
(c:/Users/seldenjrz/AppData/Roaming/TinyTeX/texmf-dist/tex/latex/base/atveryend-ltx.sty
Package: atveryend-ltx 2020/08/19 v1.0a Emulation of the original atveryend package
with kernel methods
)
\Fld@listcount=\count298
\c@bookmark@seq@number=\count299
(c:/Users/seldenjrz/AppData/Roaming/TinyTeX/texmf-dist/tex/latex/rerunfilecheck/rerunfilecheck.sty
Package: rerunfilecheck 2022-07-10 v1.10 Rerun checks for auxiliary files (HO)
(c:/Users/seldenjrz/AppData/Roaming/TinyTeX/texmf-dist/tex/generic/uniquecounter/uniquecounter.sty
Package: uniquecounter 2019/12/15 v1.4 Provide unlimited unique counter (HO)
)
Package uniquecounter Info: New unique counter `rerunfilecheck' on input line 285.
)
\Hy@SectionHShift=\skip52
) (c:/Users/seldenjrz/AppData/Roaming/TinyTeX/texmf-dist/tex/latex/l3backend/l3backend-pdftex.def
File: l3backend-pdftex.def 2022-10-26 L3 backend support: PDF output (pdfTeX)
\l__color_backend_stack_int=\count300
\l__pdf_internal_box=\box56
) (./perdiz3.aux)
\openout1 = `perdiz3.aux'.

LaTeX Font Info:    Checking defaults for OML/cmm/m/it on input line 38.
LaTeX Font Info:    ... okay on input line 38.
LaTeX Font Info:    Checking defaults for OMS/cmsy/m/n on input line 38.
LaTeX Font Info:    ... okay on input line 38.
LaTeX Font Info:    Checking defaults for OT1/cmr/m/n on input line 38.
LaTeX Font Info:    ... okay on input line 38.
LaTeX Font Info:    Checking defaults for T1/cmr/m/n on input line 38.
LaTeX Font Info:    ... okay on input line 38.
LaTeX Font Info:    Checking defaults for TS1/cmr/m/n on input line 38.
LaTeX Font Info:    ... okay on input line 38.
LaTeX Font Info:    Checking defaults for OMX/cmex/m/n on input line 38.
LaTeX Font Info:    ... okay on input line 38.
LaTeX Font Info:    Checking defaults for U/cmr/m/n on input line 38.
LaTeX Font Info:    ... okay on input line 38.
LaTeX Font Info:    Checking defaults for PD1/pdf/m/n on input line 38.
LaTeX Font Info:    ... okay on input line 38.
LaTeX Font Info:    Checking defaults for PU/pdf/m/n on input line 38.
LaTeX Font Info:    ... okay on input line 38.
Unknown journal: specify \journalname{<name of your journal>} in preambel

(c:/Users/seldenjrz/AppData/Roaming/TinyTeX/texmf-dist/tex/latex/epstopdf-pkg/epstopdf-base.sty
Package: epstopdf-base 2020-01-24 v2.11 Base part for package epstopdf
Package epstopdf-base Info: Redefining graphics rule for `.eps' on input line 485.
(c:/Users/seldenjrz/AppData/Roaming/TinyTeX/texmf-dist/tex/latex/latexconfig/epstopdf-sys.cfg
File: epstopdf-sys.cfg 2010/07/13 v1.3 Configuration of (r)epstopdf for TeX Live
))
Package hyperref Info: Link coloring OFF on input line 38.
(./perdiz3.out) (./perdiz3.out)
\@outlinefile=\write3
\openout3 = `perdiz3.out'.

SVJour3 warning: Missing \journalname

LaTeX Font Warning: Font shape `OT1/cmr/bx/n' in size <13> not available
(Font)              size <12> substituted on input line 79.


Underfull \hbox (badness 10000) in paragraph at lines 81--119

 []

[1{c:/Users/seldenjrz/AppData/Roaming/TinyTeX/texmf-var/fonts/map/pdftex/updmap/pdftex.map}] [2]
Overfull \hbox (5.47282pt too wide) in paragraph at lines 200--207
[]\OT1/cmr/m/n/10 [t]riangular blade with edges usu-ally quite straight but some-times slightly
 []

<ms-figs/figure1.png, id=129, 794.97pt x 614.295pt>
File: ms-figs/figure1.png Graphic file (type png)
<use ms-figs/figure1.png>
Package pdftex.def Info: ms-figs/figure1.png  used on input line 224.
(pdftex.def)             Requested size: 338.0pt x 261.18909pt.
[3] [4 <./ms-figs/figure1.png (PNG copy)>]
LaTeX Font Info:    Trying to load font information for OML+cmr on input line 316.
(c:/Users/seldenjrz/AppData/Roaming/TinyTeX/texmf-dist/tex/latex/base/omlcmr.fd
File: omlcmr.fd 2022/07/10 v2.5l Standard LaTeX font definitions
)
LaTeX Font Info:    Font shape `OML/cmr/m/n' in size <10> not available
(Font)              Font shape `OML/cmm/m/it' tried instead on input line 316.
<ms-figs/figure2.png, id=209, 804.1242pt x 1267.3749pt>
File: ms-figs/figure2.png Graphic file (type png)
<use ms-figs/figure2.png>
Package pdftex.def Info: ms-figs/figure2.png  used on input line 320.
(pdftex.def)             Requested size: 321.09897pt x 506.09009pt.

LaTeX Warning: Float too large for page by 8.10681pt on input line 321.

[5]
<ms-figs/figure3.jpg, id=269, 4216.75375pt x 5193.4025pt>
File: ms-figs/figure3.jpg Graphic file (type jpg)
<use ms-figs/figure3.jpg>
Package pdftex.def Info: ms-figs/figure3.jpg  used on input line 369.
(pdftex.def)             Requested size: 321.09897pt x 395.43175pt.
[6] [7 <./ms-figs/figure2.png>]
<ms-figs/figure4.jpg, id=347, 5281.7325pt x 5520.625pt>
File: ms-figs/figure4.jpg Graphic file (type jpg)
<use ms-figs/figure4.jpg>
Package pdftex.def Info: ms-figs/figure4.jpg  used on input line 392.
(pdftex.def)             Requested size: 338.0pt x 353.20929pt.
[8 <./ms-figs/figure3.jpg>]
Underfull \vbox (badness 2951) has occurred while \output is active []

[9 <./ms-figs/figure4.jpg>]
<ms-figs/figure6.png, id=388, 976.6086pt x 956.1321pt>
File: ms-figs/figure6.png Graphic file (type png)
<use ms-figs/figure6.png>
Package pdftex.def Info: ms-figs/figure6.png  used on input line 448.
(pdftex.def)             Requested size: 338.0pt x 330.91637pt.

Underfull \vbox (badness 1303) has occurred while \output is active []

[10]
Underfull \vbox (badness 1776) has occurred while \output is active []

[11 <./ms-figs/figure6.png (PNG copy)>] [12]
Overfull \hbox (2.60942pt too wide) in paragraph at lines 587--603
\OT1/cmr/m/n/10 ([]$\OT1/cmtt/m/n/10 https : / / scholarworks . sfasu . edu / ita -[] perdiz/$[]\OT1/cmr/m/n/10 ), with per-mis-sion from the
 []

[13] (./perdiz3.bbl
Underfull \hbox (badness 4467) in paragraph at lines 40--47
[]\OT1/cmr/m/n/8 Adams, D.C., Otarola-Castillo, E.: ge-o-morph: An R Pack-age for the Col-
 []


Underfull \hbox (badness 2591) in paragraph at lines 40--47
\OT1/cmr/m/n/8 lec-tion and Anal-y-sis of Ge-o-met-ric Mor-pho-me-t-ric Shape Data.  Meth-ods in
 []


Underfull \hbox (badness 2426) in paragraph at lines 40--47
\OT1/cmr/m/n/8 Ecol-ogy and Evo-lu-tion \OT1/cmr/bx/n/8 4\OT1/cmr/m/n/8 (4), 393--399 (2013).  DOI $10 . 1111 / 2041 -[] 210x . 12035$.
 []


Underfull \hbox (badness 10000) in paragraph at lines 40--47
\OT1/cmr/m/n/8 URL []$\OT1/cmtt/m/n/8 https : / / besjournals . onlinelibrary . wiley . com / doi / full / 10 . 1111 / 2041 -[]
 []


Underfull \hbox (badness 10000) in paragraph at lines 40--47
\OT1/cmtt/m/n/8 210X . 12035https : / / besjournals . onlinelibrary . wiley . com / doi / pdfdirect / 10 .
 []


Underfull \hbox (badness 4505) in paragraph at lines 49--56
[]\OT1/cmr/m/n/8 Adams, D.C., Peres-Neto, P.: Eval-u-at-ing mod-u-lar-ity in mor-pho-me-t-ric data:
 []


Underfull \hbox (badness 3108) in paragraph at lines 49--56
\OT1/cmr/m/n/8 chal-lenges with the RV co-ef-fi-cient and a new test mea-sure.  Meth-ods in
 []


Underfull \hbox (badness 2426) in paragraph at lines 49--56
\OT1/cmr/m/n/8 Ecol-ogy and Evo-lu-tion \OT1/cmr/bx/n/8 7\OT1/cmr/m/n/8 (5), 565--572 (2016).  DOI $10 . 1111 / 2041 -[] 210x . 12511$.
 []


Underfull \hbox (badness 10000) in paragraph at lines 49--56
\OT1/cmr/m/n/8 URL []$\OT1/cmtt/m/n/8 https : / / besjournals . onlinelibrary . wiley . com / doi / full / 10 . 1111 / 2041 -[]
 []


Underfull \hbox (badness 10000) in paragraph at lines 49--56
\OT1/cmtt/m/n/8 210X . 12511https : / / besjournals . onlinelibrary . wiley . com / doi / pdfdirect / 10 .
 []

[14]
Underfull \hbox (badness 3260) in paragraph at lines 110--117
[]\OT1/cmr/m/n/8 Blondel, V.D., Guil-laume, J.L., Lam-biotte, R., Lefeb-vre, E.: Fast Un-fold-ing
 []


Underfull \hbox (badness 2376) in paragraph at lines 110--117
\OT1/cmr/m/n/8 of Com-mu-ni-ties in Large Net-works.  Jour-nal of Sta-tis-ti-cal Me-chan-ics: The-
 []


Underfull \hbox (badness 1460) in paragraph at lines 110--117
\OT1/cmr/m/n/8 ory and Ex-per-i-ment \OT1/cmr/bx/n/8 2008\OT1/cmr/m/n/8 (10), P10008 (2008).  DOI $10 . 1088 / 1742 -[] 5468 / 2008 /
 []


Underfull \hbox (badness 1308) in paragraph at lines 119--126
\OT1/cmr/m/n/8 2484(02 ) 00201 -[] 4$.  URL []$\OT1/cmtt/m/n/8 https : / / www . ncbi . nlm . nih . gov / pubmed / 12662941https : / /
 []


Underfull \hbox (badness 10000) in paragraph at lines 145--152
\OT1/cmtt/m/n/8 / / besjournals . onlinelibrary . wiley . com / doi / pdf / 10 . 1111 / 2041 -[] 210X . 13029https :
 []


Underfull \hbox (badness 3838) in paragraph at lines 154--160
[]\OT1/cmr/m/n/8 Collyer, M.L., Sekora, D.J., Adams, D.C.: A method for anal-y-sis of phe-
 []


Underfull \hbox (badness 2932) in paragraph at lines 154--160
\OT1/cmr/m/n/8 no-typic change for phe-no-types de-scribed by high-dimensional data.  Hered-
 []


Underfull \hbox (badness 10000) in paragraph at lines 154--160
\OT1/cmr/m/n/8 ity (Ed-inb) \OT1/cmr/bx/n/8 115\OT1/cmr/m/n/8 (4), 357--65 (2015).  DOI $10 . 1038 / hdy . 2014 . 75$.  URL
 []


Underfull \hbox (badness 10000) in paragraph at lines 154--160
[]$\OT1/cmtt/m/n/8 http : / / www . ncbi . nlm . nih . gov / pubmed / 25204302https : / / www . ncbi . nlm . nih . gov /
 []

[15]
Underfull \hbox (badness 2635) in paragraph at lines 266--274
[]\OT1/cmr/m/n/8 Kendall, D.G.: Shape man-i-folds, pro-crustean met-rics, and com-plex pro-jec-tive
 []


Underfull \hbox (badness 10000) in paragraph at lines 266--274
\OT1/cmtt/m/n/8 2 . 81 / abstracthttps : / / londmathsoc . onlinelibrary . wiley . com / doi / abs / 10 . 1112 /
 []

[16]
Underfull \hbox (badness 10000) in paragraph at lines 313--320
\OT1/cmr/m/n/8 URL []$\OT1/cmtt/m/n/8 https : / / www . cambridge . org / core / journals / american -[] antiquity / article /
 []


Underfull \hbox (badness 10000) in paragraph at lines 313--320
\OT1/cmtt/m/n/8 multiscalar -[] perspectives -[] on -[] social -[] networks -[] in -[] the -[] late -[] prehispanic -[]
 []

[17]
Underfull \hbox (badness 2134) in paragraph at lines 479--483
\OT1/cmr/m/n/8 Ar-chae-ol-ogy \OT1/cmr/bx/n/8 1\OT1/cmr/m/n/8 , 66--74 (1974).  URL []$\OT1/cmtt/m/n/8 https : / / docs . wixstatic . com / ugd / fefb33 _
 []

) [18] (./perdiz3.aux)

LaTeX Font Warning: Size substitutions with differences
(Font)              up to 1.0pt have occurred.

Package rerunfilecheck Info: File `perdiz3.out' has not changed.
(rerunfilecheck)             Checksum: 93888F068892BB1D9D8BA4A3B62E8FEE;753.
 ) 
Here is how much of TeX's memory you used:
 9170 strings out of 476931
 144895 string characters out of 5823518
 505707 words of memory out of 5000000
 30178 multiletter control sequences out of 15000+600000
 476698 words of font info for 54 fonts, out of 8000000 for 9000
 14 hyphenation exceptions out of 8191
 72i,9n,77p,626b,585s stack positions out of 10000i,1000n,20000p,200000b,200000s
<c:/Users/seldenjrz/AppData/Roaming/TinyTeX/texmf-dist/fonts/type1/public/amsfonts/cm/cmbsy10.pfb><c:/Users/seldenjrz/AppData/Roaming/TinyTeX/texmf-dist/fonts/type1/public/amsfonts/cm/cmbx10.pfb><c:/Users/seldenjrz/AppData/Roaming/TinyTeX/texmf-dist/fonts/type1/public/amsfonts/cm/cmbx12.pfb><c:/Users/seldenjrz/AppData/Roaming/TinyTeX/texmf-dist/fonts/type1/public/amsfonts/cm/cmbx8.pfb><c:/Users/seldenjrz/AppData/Roaming/TinyTeX/texmf-dist/fonts/type1/public/amsfonts/cm/cmbxti10.pfb><c:/Users/seldenjrz/AppData/Roaming/TinyTeX/texmf-dist/fonts/type1/public/amsfonts/cm/cmmi10.pfb><c:/Users/seldenjrz/AppData/Roaming/TinyTeX/texmf-dist/fonts/type1/public/amsfonts/cm/cmr10.pfb><c:/Users/seldenjrz/AppData/Roaming/TinyTeX/texmf-dist/fonts/type1/public/amsfonts/cm/cmr8.pfb><c:/Users/seldenjrz/AppData/Roaming/TinyTeX/texmf-dist/fonts/type1/public/amsfonts/cm/cmsy10.pfb><c:/Users/seldenjrz/AppData/Roaming/TinyTeX/texmf-dist/fonts/type1/public/amsfonts/cm/cmti10.pfb><c:/Users/seldenjrz/AppData/Roaming/TinyTeX/texmf-dist/fonts/type1/public/amsfonts/cm/cmtt10.pfb><c:/Users/seldenjrz/AppData/Roaming/TinyTeX/texmf-dist/fonts/type1/public/amsfonts/cm/cmtt8.pfb>
Output written on perdiz3.pdf (18 pages, 19714931 bytes).
PDF statistics:
 632 PDF objects out of 1000 (max. 8388607)
 462 compressed objects within 5 object streams
 129 named destinations out of 1000 (max. 500000)
 82 words of extra memory for PDF output out of 10000 (max. 10000000)

